Sun 29 Mar 2026 03:01:30 PM CST: 服务器启动成功！
Sun 29 Mar 2026 03:04:59 PM CST: 服务器启动成功！
Sun 29 Mar 2026 03:08:27 PM CST: 服务器启动成功！
Sun 29 Mar 2026 03:10:08 PM CST: 服务器启动成功！
Sun 29 Mar 2026 03:12:20 PM CST: 服务器启动成功！
Sun 29 Mar 2026 03:14:18 PM CST: 服务器启动成功！
Sun 29 Mar 2026 03:18:20 PM CST: 服务器启动成功！
Sun 29 Mar 2026 03:23:31 PM CST: 服务器启动成功！
Sun 29 Mar 2026 03:25:06 PM CST: 服务器启动成功！
Sun 29 Mar 2026 03:25:36 PM CST: 服务器启动成功！
Sun 29 Mar 2026 03:27:24 PM CST: 服务器启动成功！
Sun 29 Mar 2026 03:28:45 PM CST: 服务器启动成功！
Sun 29 Mar 2026 03:29:21 PM CST: 服务器启动成功！
Sun 29 Mar 2026 03:34:59 PM CST: 服务器启动成功！
Sun 29 Mar 2026 03:35:04 PM CST: 服务器启动成功！
Sun 29 Mar 2026 03:35:07 PM CST: 服务器启动成功！
Sun 29 Mar 2026 03:35:14 PM CST: 服务器启动成功！
Sun 29 Mar 2026 03:35:17 PM CST: 服务器启动成功！
Sun 29 Mar 2026 03:35:18 PM CST: 服务器启动成功！
Sun 29 Mar 2026 03:35:20 PM CST: 服务器启动成功！
Sun 29 Mar 2026 03:35:22 PM CST: 服务器启动成功！
Sun 29 Mar 2026 03:35:23 PM CST: 服务器启动成功！
Sun 29 Mar 2026 03:35:25 PM CST: 服务器启动成功！
Sun 29 Mar 2026 03:35:26 PM CST: 服务器启动成功！
Sun 29 Mar 2026 03:36:04 PM CST: 服务器启动成功！
Mon 30 Mar 2026 10:51:04 AM CST: 服务器启动成功！
Mon 30 Mar 2026 10:55:04 AM CST: 服务器启动成功！
Mon 30 Mar 2026 10:55:44 AM CST: 服务器启动成功！
Mon 30 Mar 2026 10:56:46 AM CST: 服务器启动成功！
Mon 30 Mar 2026 10:57:05 AM CST: 服务器启动成功！
Mon 30 Mar 2026 10:57:29 AM CST: 服务器启动成功！
Mon 30 Mar 2026 11:00:28 AM CST: 服务器启动成功！
Mon 30 Mar 2026 11:01:22 AM CST: 服务器启动成功！
Mon 30 Mar 2026 11:03:14 AM CST: 服务器启动成功！
Mon 30 Mar 2026 11:09:08 AM CST: 服务器启动成功！
Mon 30 Mar 2026 11:09:29 AM CST: 服务器启动成功！
Tue 31 Mar 2026 09:19:22 AM CST: 服务器启动成功！
Tue 31 Mar 2026 09:19:53 AM CST: 服务器启动成功！
Tue 31 Mar 2026 09:22:11 AM CST: 服务器启动成功！
Tue 31 Mar 2026 09:29:02 AM CST: 服务器启动成功！
Tue 31 Mar 2026 09:29:44 AM CST: 服务器启动成功！
Tue 31 Mar 2026 09:30:45 AM CST: 服务器启动成功！
Tue 31 Mar 2026 09:31:54 AM CST: 服务器启动成功！
Tue 31 Mar 2026 11:17:01 AM CST: 服务器启动成功！
Tue 31 Mar 2026 11:17:17 AM CST: 服务器启动成功！
Tue 31 Mar 2026 11:26:33 AM CST: 服务器启动成功！
Tue 31 Mar 2026 11:28:38 AM CST: 服务器启动成功！
Tue 31 Mar 2026 11:30:07 AM CST: 服务器启动成功！
Tue 31 Mar 2026 11:31:18 AM CST: 服务器启动成功！
Tue 31 Mar 2026 11:32:32 AM CST: 服务器启动成功！
Tue 31 Mar 2026 11:33:21 AM CST: 服务器启动成功！
Tue 31 Mar 2026 11:33:55 AM CST: 服务器启动成功！
Tue 31 Mar 2026 11:34:49 AM CST: 服务器启动成功！
Tue 31 Mar 2026 12:59:54 PM CST: 服务器启动成功！
Tue 31 Mar 2026 01:01:33 PM CST: 服务器启动成功！
Tue 31 Mar 2026 03:03:53 PM CST: 服务器启动成功！
Tue 31 Mar 2026 03:05:07 PM CST: 服务器启动成功！
Tue 31 Mar 2026 03:09:57 PM CST: 服务器启动成功！
Tue 31 Mar 2026 03:17:15 PM CST: 服务器启动成功！
Tue 31 Mar 2026 03:17:58 PM CST: 服务器启动成功！
Tue 31 Mar 2026 03:20:33 PM CST: 服务器启动成功！
Tue 31 Mar 2026 03:22:56 PM CST: 服务器启动成功！
Tue 31 Mar 2026 03:23:43 PM CST: 服务器启动成功！
Tue 31 Mar 2026 03:24:00 PM CST: 服务器启动成功！
Tue 31 Mar 2026 03:24:38 PM CST: 服务器启动成功！
Tue 31 Mar 2026 03:25:38 PM CST: 服务器启动成功！
Tue 31 Mar 2026 03:37:42 PM CST: 服务器启动成功！
Tue 31 Mar 2026 03:38:25 PM CST: 服务器启动成功！
Tue 31 Mar 2026 03:39:36 PM CST: 服务器启动成功！
Tue 31 Mar 2026 03:40:22 PM CST: 服务器启动成功！
Tue 31 Mar 2026 03:40:38 PM CST: 服务器启动成功！
Tue 31 Mar 2026 03:40:50 PM CST: 服务器启动成功！
Tue 31 Mar 2026 03:41:19 PM CST: 服务器启动成功！
Tue 31 Mar 2026 03:42:11 PM CST: 服务器启动成功！
Tue 31 Mar 2026 03:42:35 PM CST: 服务器启动成功！
Tue 31 Mar 2026 03:43:46 PM CST: 服务器启动成功！
Tue 31 Mar 2026 03:46:14 PM CST: 服务器启动成功！
Tue 31 Mar 2026 03:46:35 PM CST: 服务器启动成功！
Tue 31 Mar 2026 03:47:04 PM CST: 服务器启动成功！
Tue 31 Mar 2026 03:57:39 PM CST: 服务器启动成功！
Tue 31 Mar 2026 04:06:43 PM CST: 服务器启动成功！
Tue 31 Mar 2026 04:08:48 PM CST: 服务器启动成功！
Tue 31 Mar 2026 04:10:10 PM CST: 服务器启动成功！
Tue 31 Mar 2026 04:10:56 PM CST: 服务器启动成功！
Tue 31 Mar 2026 04:21:54 PM CST: 服务器启动成功！
Tue 31 Mar 2026 04:22:17 PM CST: 服务器启动成功！
Tue 31 Mar 2026 04:23:25 PM CST: 服务器启动成功！
Tue 31 Mar 2026 04:25:18 PM CST: 服务器启动成功！
Tue 31 Mar 2026 04:26:40 PM CST: 服务器启动成功！
Tue 31 Mar 2026 04:27:16 PM CST: 服务器启动成功！
Tue 31 Mar 2026 04:28:39 PM CST: 服务器启动成功！
Tue 31 Mar 2026 04:29:14 PM CST: 服务器启动成功！
Tue 31 Mar 2026 04:30:28 PM CST: 服务器启动成功！
Tue 31 Mar 2026 04:31:10 PM CST: 服务器启动成功！
Tue 31 Mar 2026 04:31:54 PM CST: 服务器启动成功！
Tue 31 Mar 2026 04:37:21 PM CST: 服务器启动成功！
Tue 31 Mar 2026 04:40:30 PM CST: 服务器启动成功！
Tue 31 Mar 2026 04:43:19 PM CST: 服务器启动成功！
Tue 31 Mar 2026 04:45:51 PM CST: 服务器启动成功！
Tue 31 Mar 2026 04:46:24 PM CST: 服务器启动成功！
Tue 31 Mar 2026 04:47:55 PM CST: 服务器启动成功！
Tue 31 Mar 2026 04:48:11 PM CST: 服务器启动成功！
Tue 31 Mar 2026 04:48:38 PM CST: 服务器启动成功！
Tue 31 Mar 2026 04:48:52 PM CST: 服务器启动成功！
Tue 31 Mar 2026 04:49:09 PM CST: 服务器启动成功！
Tue 31 Mar 2026 04:49:27 PM CST: 服务器启动成功！
Tue 31 Mar 2026 04:49:40 PM CST: 服务器启动成功！
Tue 31 Mar 2026 04:49:53 PM CST: 服务器启动成功！
Tue 31 Mar 2026 04:50:42 PM CST: 服务器启动成功！
Tue 31 Mar 2026 04:50:57 PM CST: 服务器启动成功！
Tue 31 Mar 2026 04:52:50 PM CST: 服务器启动成功！
Tue 31 Mar 2026 04:53:22 PM CST: 服务器启动成功！
Tue 31 Mar 2026 04:53:42 PM CST: 服务器启动成功！
Tue 31 Mar 2026 04:54:11 PM CST: 服务器启动成功！
Tue 31 Mar 2026 04:54:45 PM CST: 服务器启动成功！
Tue 31 Mar 2026 05:02:46 PM CST: 服务器启动成功！
Tue 31 Mar 2026 05:03:42 PM CST: 服务器启动成功！
Tue 31 Mar 2026 05:06:24 PM CST: 服务器启动成功！
Tue 31 Mar 2026 05:06:42 PM CST: 服务器启动成功！
Tue 31 Mar 2026 05:07:11 PM CST: 服务器启动成功！
Tue 31 Mar 2026 05:07:28 PM CST: 服务器启动成功！
Tue 31 Mar 2026 05:10:49 PM CST: 服务器启动成功！
Tue 31 Mar 2026 05:17:17 PM CST: 服务器启动成功！
Tue 31 Mar 2026 05:18:04 PM CST: 服务器启动成功！
Tue 31 Mar 2026 05:18:59 PM CST: 服务器启动成功！
Tue 31 Mar 2026 05:19:36 PM CST: 服务器启动成功！
Tue 31 Mar 2026 05:20:38 PM CST: 服务器启动成功！
Tue 31 Mar 2026 05:21:58 PM CST: 服务器启动成功！
Tue 31 Mar 2026 05:28:06 PM CST: 服务器启动成功！
Tue 31 Mar 2026 05:28:27 PM CST: 服务器启动成功！
Tue 31 Mar 2026 05:30:20 PM CST: 服务器启动成功！
Tue 31 Mar 2026 05:30:38 PM CST: 服务器启动成功！
Tue 31 Mar 2026 05:32:52 PM CST: 服务器启动成功！
Tue 31 Mar 2026 05:33:22 PM CST: 服务器启动成功！
Tue 31 Mar 2026 05:34:55 PM CST: 服务器启动成功！
Tue 31 Mar 2026 05:50:22 PM CST: 服务器启动成功！
Tue 31 Mar 2026 05:51:50 PM CST: 服务器启动成功！
Tue 31 Mar 2026 05:52:10 PM CST: 服务器启动成功！
Tue 31 Mar 2026 05:53:06 PM CST: 服务器启动成功！
Tue 31 Mar 2026 06:05:58 PM CST: 服务器启动成功！
Tue 31 Mar 2026 07:56:40 PM CST: 服务器启动成功！
Tue 31 Mar 2026 07:56:51 PM CST: 服务器启动成功！
Tue 31 Mar 2026 08:00:23 PM CST: 服务器启动成功！
Tue 31 Mar 2026 08:01:16 PM CST: 服务器启动成功！
Tue 31 Mar 2026 08:02:16 PM CST: 服务器启动成功！
Tue 31 Mar 2026 08:03:53 PM CST: 服务器启动成功！
Tue 31 Mar 2026 08:05:58 PM CST: 服务器启动成功！
Tue 31 Mar 2026 08:06:59 PM CST: 服务器启动成功！
Tue 31 Mar 2026 08:07:19 PM CST: 服务器启动成功！
Tue 31 Mar 2026 08:08:38 PM CST: 服务器启动成功！
Tue 31 Mar 2026 08:09:05 PM CST: 服务器启动成功！
Tue 31 Mar 2026 08:13:40 PM CST: 服务器启动成功！
Tue 31 Mar 2026 08:14:37 PM CST: 服务器启动成功！
Tue 31 Mar 2026 08:14:57 PM CST: 服务器启动成功！
Tue 31 Mar 2026 08:15:51 PM CST: 服务器启动成功！
Tue 31 Mar 2026 08:16:34 PM CST: 服务器启动成功！
Tue 31 Mar 2026 08:19:28 PM CST: 服务器启动成功！
Tue 31 Mar 2026 08:31:13 PM CST: 服务器启动成功！
Tue 31 Mar 2026 08:33:13 PM CST: 服务器启动成功！
Tue 31 Mar 2026 08:35:11 PM CST: 服务器启动成功！
Tue 31 Mar 2026 08:35:55 PM CST: 服务器启动成功！
Tue 31 Mar 2026 08:37:13 PM CST: 服务器启动成功！
Tue 31 Mar 2026 08:37:44 PM CST: 服务器启动成功！
Tue 31 Mar 2026 08:40:37 PM CST: 服务器启动成功！
Tue 31 Mar 2026 08:54:07 PM CST: 服务器启动成功！
Wed 01 Apr 2026 11:11:23 AM CST: 服务器启动成功！
Wed 01 Apr 2026 11:16:40 AM CST: 服务器启动成功！
Wed 01 Apr 2026 11:18:13 AM CST: 服务器启动成功！
Wed 01 Apr 2026 11:18:32 AM CST: 服务器启动成功！
Wed 01 Apr 2026 11:50:33 AM CST: 服务器启动成功！
Wed 01 Apr 2026 11:55:15 AM CST: 服务器启动成功！
Wed 01 Apr 2026 11:55:27 AM CST: 服务器启动成功！
Wed 01 Apr 2026 11:55:46 AM CST: 服务器启动成功！
Wed 01 Apr 2026 11:56:43 AM CST: 服务器启动成功！
Wed 01 Apr 2026 11:57:23 AM CST: 服务器启动成功！
Wed 01 Apr 2026 11:57:57 AM CST: 服务器启动成功！
Wed 01 Apr 2026 12:01:35 PM CST: 服务器启动成功！
Wed 01 Apr 2026 12:05:01 PM CST: 服务器启动成功！
Wed 01 Apr 2026 12:07:02 PM CST: 服务器启动成功！
Wed 01 Apr 2026 12:10:15 PM CST: 服务器启动成功！
Wed 01 Apr 2026 12:10:45 PM CST: 服务器启动成功！
Wed 01 Apr 2026 12:15:49 PM CST: 服务器启动成功！
Wed 01 Apr 2026 12:16:32 PM CST: 服务器启动成功！
Wed 01 Apr 2026 12:17:01 PM CST: 服务器启动成功！
Wed 01 Apr 2026 12:59:20 PM CST: 服务器启动成功！
Wed 01 Apr 2026 01:01:26 PM CST: 服务器启动成功！
Wed 01 Apr 2026 01:04:31 PM CST: 服务器启动成功！
Wed 01 Apr 2026 01:06:33 PM CST: 服务器启动成功！
Wed 01 Apr 2026 01:07:27 PM CST: 服务器启动成功！
Wed 01 Apr 2026 01:09:02 PM CST: 服务器启动成功！
Wed 01 Apr 2026 01:15:24 PM CST: 服务器启动成功！
Wed 01 Apr 2026 01:16:02 PM CST: 服务器启动成功！
Wed 01 Apr 2026 01:18:28 PM CST: 服务器启动成功！
Wed 01 Apr 2026 01:18:55 PM CST: 服务器启动成功！
Wed 01 Apr 2026 01:19:55 PM CST: 服务器启动成功！
Wed 01 Apr 2026 01:20:58 PM CST: 服务器启动成功！
Wed 01 Apr 2026 01:21:49 PM CST: 服务器启动成功！
Wed 01 Apr 2026 01:27:11 PM CST: 服务器启动成功！
Wed 01 Apr 2026 01:28:54 PM CST: 服务器启动成功！
Wed 01 Apr 2026 01:31:53 PM CST: 服务器启动成功！
Wed 01 Apr 2026 01:33:37 PM CST: 服务器启动成功！
Wed 01 Apr 2026 01:34:15 PM CST: 服务器启动成功！
Wed 01 Apr 2026 01:39:01 PM CST: 服务器启动成功！
Wed 01 Apr 2026 01:41:54 PM CST: 服务器启动成功！
Wed 01 Apr 2026 01:42:40 PM CST: 服务器启动成功！
Wed 01 Apr 2026 01:43:21 PM CST: 服务器启动成功！
Wed 01 Apr 2026 01:43:39 PM CST: 服务器启动成功！
Wed 01 Apr 2026 01:47:18 PM CST: 服务器启动成功！
Wed 01 Apr 2026 01:48:42 PM CST: 服务器启动成功！
Wed 01 Apr 2026 01:49:06 PM CST: 服务器启动成功！
Wed 01 Apr 2026 02:10:01 PM CST: 服务器启动成功！
Wed 01 Apr 2026 02:13:51 PM CST: 服务器启动成功！
Wed 01 Apr 2026 02:14:20 PM CST: 服务器启动成功！
Wed 01 Apr 2026 02:14:48 PM CST: 服务器启动成功！
Wed 01 Apr 2026 02:31:04 PM CST: 服务器启动成功！
Wed 01 Apr 2026 02:32:51 PM CST: 服务器启动成功！
